This file contains any messages produced by compilers while
running configure, to aid debugging if configure makes a mistake.

It was created by libUseful configure 5.57, which was
generated by GNU Autoconf 2.69.  Invocation command line was

  $ ./configure --disable-option-checking --prefix=/usr/local --with-libuseful=no --cache-file=/dev/null --srcdir=.

## --------- ##
## Platform. ##
## --------- ##

hostname = beast
uname -m = x86_64
uname -r = 6.14.1-cold-64
uname -s = Linux
uname -v = #7 SMP PREEMPT_DYNAMIC Thu Apr 10 12:38:18 BST 2025

/usr/bin/uname -p = unknown
/bin/uname -X     = 

/bin/arch              = unknown
/usr/bin/arch -k       = unknown
/usr/convex/getsysinfo = unknown
/usr/bin/hostinfo      = unknown
/bin/machine           = unknown
/usr/bin/oslevel       = unknown
/bin/universe          = unknown

PATH: /usr/prebin
PATH: /home/colum/bin
PATH: /usr/local/bin
PATH: /usr/bin
PATH: /usr/X11R7/bin
PATH: /bin
PATH: /usr/games/bin
PATH: .
PATH: /opt/avr/bin
PATH: /opt/boinc_client-7.14.2/bin
PATH: /opt/brlcad-7.26.4/bin
PATH: /opt/clamav-0.100.1/bin
PATH: /opt/csound-6.18.1/bin
PATH: /opt/ctoxcore-0.2.18/bin
PATH: /opt/Drawing/bin
PATH: /opt/emulators/bin
PATH: /opt/FLTK/bin
PATH: /opt/games/bin
PATH: /opt/gifprogs-5.1.2/bin
PATH: /opt/git-2.27.0/bin
PATH: /opt/graphviz-2.40.1/bin
PATH: /opt/graphviz-2.43.20200407.0324/bin
PATH: /opt/jpegprogs-9c/bin
PATH: /opt/LibreCAD/bin
PATH: /opt/localrocks-3.11.1/bin
PATH: /opt/lua-5.3.4/bin
PATH: /opt/mujs-1.0.5/bin
PATH: /opt/netpbm-10.66.02/bin
PATH: /opt/opengl/bin
PATH: /opt/openjdk-8u262/bin
PATH: /opt/Paint3D/bin
PATH: /opt/perl-5.24.1/bin
PATH: /opt/pngprogs-1.6.30/bin
PATH: /opt/Python-3.7.1/bin
PATH: /opt/qemu-5.2.1_SDL/bin
PATH: /opt/Qt5/bin
PATH: /opt/rust-1.57.0/bin
PATH: /opt/SDL2/bin
PATH: /opt/SDL/bin
PATH: /opt/sound-studio/bin
PATH: /opt/tcl-8.6.10/bin
PATH: /opt/tiffprogs-4.0.8/bin
PATH: /opt/wine-10.6/bin
PATH: /opt/xboinc_client-7.14.2/bin


## ----------- ##
## Core tests. ##
## ----------- ##

configure:2272: checking for gcc
configure:2288: found /usr/bin/gcc
configure:2299: result: gcc
configure:2528: checking for C compiler version
configure:2537: gcc --version >&5
gcc (GCC) 8.3.0
Copyright (C) 2018 Free Software Foundation, Inc.
This is free software; see the source for copying conditions.  There is NO
warranty; not even for MERCHANTABILITY or FITNESS FOR A PARTICULAR PURPOSE.

configure:2548: $? = 0
configure:2537: gcc -v >&5
Using built-in specs.
COLLECT_GCC=gcc
COLLECT_LTO_WRAPPER=/usr/libexec/gcc/i486-pc-linux-gnu/8.3.0/lto-wrapper
Target: i486-pc-linux-gnu
Configured with: ../gcc-8.3.0-src/configure --enable-languages=c,c++,go --disable-nls --disable-multilib --prefix=/usr --sysconfdir=/etc --includedir=/usr/include --localstatedir=/var --mandir=/usr/share/man --infodir=/usr/share/info --host=i486-pc-linux-gnu --build=i486-pc-linux-gnu --target=i486-pc-linux-gnu
Thread model: posix
gcc version 8.3.0 (GCC) 
configure:2548: $? = 0
configure:2537: gcc -V >&5
gcc: error: unrecognized command line option '-V'
gcc: fatal error: no input files
compilation terminated.
configure:2548: $? = 1
configure:2537: gcc -qversion >&5
gcc: error: unrecognized command line option '-qversion'; did you mean '--version'?
gcc: fatal error: no input files
compilation terminated.
configure:2548: $? = 1
configure:2568: checking whether the C compiler works
configure:2590: gcc    conftest.c  >&5
configure:2594: $? = 0
configure:2642: result: yes
configure:2645: checking for C compiler default output file name
configure:2647: result: a.out
configure:2653: checking for suffix of executables
configure:2660: gcc -o conftest    conftest.c  >&5
configure:2664: $? = 0
configure:2686: result: 
configure:2708: checking whether we are cross compiling
configure:2716: gcc -o conftest    conftest.c  >&5
configure:2720: $? = 0
configure:2727: ./conftest
configure:2731: $? = 0
configure:2746: result: no
configure:2751: checking for suffix of object files
configure:2773: gcc -c   conftest.c >&5
configure:2777: $? = 0
configure:2798: result: o
configure:2802: checking whether we are using the GNU C compiler
configure:2821: gcc -c   conftest.c >&5
configure:2821: $? = 0
configure:2830: result: yes
configure:2839: checking whether gcc accepts -g
configure:2859: gcc -c -g  conftest.c >&5
configure:2859: $? = 0
configure:2900: result: yes
configure:2917: checking for gcc option to accept ISO C89
configure:2980: gcc  -c -g -O2  conftest.c >&5
configure:2980: $? = 0
configure:2993: result: none needed
configure:3019: checking whether make sets $(MAKE)
configure:3041: result: yes
configure:3050: checking for grep that handles long lines and -e
configure:3108: result: /bin/grep
configure:3113: checking for egrep
configure:3175: result: /bin/grep -E
configure:3188: checking for special C compiler options needed for large files
configure:3233: result: no
configure:3239: checking for _FILE_OFFSET_BITS value needed for large files
configure:3264: gcc -c -g -O2  conftest.c >&5
conftest.c:14:33: warning: left shift count >= width of type [-Wshift-count-overflow]
 #define LARGE_OFF_T (((off_t) 1 << 62) - 1 + ((off_t) 1 << 62))
                                 ^~
conftest.c:15:23: note: in expansion of macro 'LARGE_OFF_T'
   int off_t_is_large[(LARGE_OFF_T % 2147483629 == 721
                       ^~~~~~~~~~~
conftest.c:14:57: warning: left shift count >= width of type [-Wshift-count-overflow]
 #define LARGE_OFF_T (((off_t) 1 << 62) - 1 + ((off_t) 1 << 62))
                                                         ^~
conftest.c:15:23: note: in expansion of macro 'LARGE_OFF_T'
   int off_t_is_large[(LARGE_OFF_T % 2147483629 == 721
                       ^~~~~~~~~~~
conftest.c:14:33: warning: left shift count >= width of type [-Wshift-count-overflow]
 #define LARGE_OFF_T (((off_t) 1 << 62) - 1 + ((off_t) 1 << 62))
                                 ^~
conftest.c:16:13: note: in expansion of macro 'LARGE_OFF_T'
          && LARGE_OFF_T % 2147483647 == 1)
             ^~~~~~~~~~~
conftest.c:14:57: warning: left shift count >= width of type [-Wshift-count-overflow]
 #define LARGE_OFF_T (((off_t) 1 << 62) - 1 + ((off_t) 1 << 62))
                                                         ^~
conftest.c:16:13: note: in expansion of macro 'LARGE_OFF_T'
          && LARGE_OFF_T % 2147483647 == 1)
             ^~~~~~~~~~~
conftest.c:15:7: error: variably modified 'off_t_is_large' at file scope
   int off_t_is_large[(LARGE_OFF_T % 2147483629 == 721
       ^~~~~~~~~~~~~~
configure:3264: $? = 1
configure: failed program was:
| /* confdefs.h */
| #define PACKAGE_NAME "libUseful"
| #define PACKAGE_TARNAME "libuseful"
| #define PACKAGE_VERSION "5.57"
| #define PACKAGE_STRING "libUseful 5.57"
| #define PACKAGE_BUGREPORT "colums.projects@gmail.com"
| #define PACKAGE_URL ""
| /* end confdefs.h.  */
| #include <sys/types.h>
|  /* Check that off_t can represent 2**63 - 1 correctly.
|     We can't simply define LARGE_OFF_T to be 9223372036854775807,
|     since some C++ compilers masquerading as C compilers
|     incorrectly reject 9223372036854775807.  */
| #define LARGE_OFF_T (((off_t) 1 << 62) - 1 + ((off_t) 1 << 62))
|   int off_t_is_large[(LARGE_OFF_T % 2147483629 == 721
| 		       && LARGE_OFF_T % 2147483647 == 1)
| 		      ? 1 : -1];
| int
| main ()
| {
| 
|   ;
|   return 0;
| }
configure:3288: gcc -c -g -O2  conftest.c >&5
configure:3288: $? = 0
configure:3296: result: 64
configure:3381: checking for working volatile
configure:3400: gcc -c -g -O2  conftest.c >&5
configure:3400: $? = 0
configure:3407: result: yes
configure:3415: checking for inline
configure:3431: gcc -c -g -O2  conftest.c >&5
configure:3431: $? = 0
configure:3439: result: inline
configure:3836: checking for ptsname_r
configure:3836: gcc -o conftest -g -O2   conftest.c  >&5
configure:3836: $? = 0
configure:3836: result: yes
configure:3836: checking for clearenv
configure:3836: gcc -o conftest -g -O2   conftest.c  >&5
configure:3836: $? = 0
configure:3836: result: yes
configure:3836: checking for setresuid
configure:3836: gcc -o conftest -g -O2   conftest.c  >&5
configure:3836: $? = 0
configure:3836: result: yes
configure:3836: checking for initgroups
configure:3836: gcc -o conftest -g -O2   conftest.c  >&5
configure:3836: $? = 0
configure:3836: result: yes
configure:3836: checking for poll
configure:3836: gcc -o conftest -g -O2   conftest.c  >&5
configure:3836: $? = 0
configure:3836: result: yes
configure:3836: checking for mlock
configure:3836: gcc -o conftest -g -O2   conftest.c  >&5
configure:3836: $? = 0
configure:3836: result: yes
configure:3836: checking for mlockall
configure:3836: gcc -o conftest -g -O2   conftest.c  >&5
configure:3836: $? = 0
configure:3836: result: yes
configure:3836: checking for munlockall
configure:3836: gcc -o conftest -g -O2   conftest.c  >&5
configure:3836: $? = 0
configure:3836: result: yes
configure:3836: checking for madvise
configure:3836: gcc -o conftest -g -O2   conftest.c  >&5
configure:3836: $? = 0
configure:3836: result: yes
configure:3836: checking for htonll
configure:3836: gcc -o conftest -g -O2   conftest.c  >&5
/usr/lib/gcc/i486-pc-linux-gnu/8.3.0/../../../../i486-pc-linux-gnu/bin/ld: /tmp/ccyt1YL7.o: in function `main':
/tmp/modconductor/libUseful-bundled/conftest.c:53: undefined reference to `htonll'
collect2: error: ld returned 1 exit status
configure:3836: $? = 1
configure: failed program was:
| /* confdefs.h */
| #define PACKAGE_NAME "libUseful"
| #define PACKAGE_TARNAME "libuseful"
| #define PACKAGE_VERSION "5.57"
| #define PACKAGE_STRING "libUseful 5.57"
| #define PACKAGE_BUGREPORT "colums.projects@gmail.com"
| #define PACKAGE_URL ""
| #define _FILE_OFFSET_BITS 64
| #define HAVE_PTSNAME_R 1
| #define HAVE_CLEARENV 1
| #define HAVE_SETRESUID 1
| #define HAVE_INITGROUPS 1
| #define HAVE_POLL 1
| #define HAVE_MLOCK 1
| #define HAVE_MLOCKALL 1
| #define HAVE_MUNLOCKALL 1
| #define HAVE_MADVISE 1
| /* end confdefs.h.  */
| /* Define htonll to an innocuous variant, in case <limits.h> declares htonll.
|    For example, HP-UX 11i <limits.h> declares gettimeofday.  */
| #define htonll innocuous_htonll
| 
| /* System header to define __stub macros and hopefully few prototypes,
|     which can conflict with char htonll (); below.
|     Prefer <limits.h> to <assert.h> if __STDC__ is defined, since
|     <limits.h> exists even on freestanding compilers.  */
| 
| #ifdef __STDC__
| # include <limits.h>
| #else
| # include <assert.h>
| #endif
| 
| #undef htonll
| 
| /* Override any GCC internal prototype to avoid an error.
|    Use char because int might match the return type of a GCC
|    builtin and then its argument prototype would still apply.  */
| #ifdef __cplusplus
| extern "C"
| #endif
| char htonll ();
| /* The GNU C library defines this for functions which it implements
|     to always fail with ENOSYS.  Some functions are actually named
|     something starting with __ and the normal name is an alias.  */
| #if defined __stub_htonll || defined __stub___htonll
| choke me
| #endif
| 
| int
| main ()
| {
| return htonll ();
|   ;
|   return 0;
| }
configure:3836: result: no
configure:3836: checking for ntohll
configure:3836: gcc -o conftest -g -O2   conftest.c  >&5
/usr/lib/gcc/i486-pc-linux-gnu/8.3.0/../../../../i486-pc-linux-gnu/bin/ld: /tmp/cc0h9RUh.o: in function `main':
/tmp/modconductor/libUseful-bundled/conftest.c:53: undefined reference to `ntohll'
collect2: error: ld returned 1 exit status
configure:3836: $? = 1
configure: failed program was:
| /* confdefs.h */
| #define PACKAGE_NAME "libUseful"
| #define PACKAGE_TARNAME "libuseful"
| #define PACKAGE_VERSION "5.57"
| #define PACKAGE_STRING "libUseful 5.57"
| #define PACKAGE_BUGREPORT "colums.projects@gmail.com"
| #define PACKAGE_URL ""
| #define _FILE_OFFSET_BITS 64
| #define HAVE_PTSNAME_R 1
| #define HAVE_CLEARENV 1
| #define HAVE_SETRESUID 1
| #define HAVE_INITGROUPS 1
| #define HAVE_POLL 1
| #define HAVE_MLOCK 1
| #define HAVE_MLOCKALL 1
| #define HAVE_MUNLOCKALL 1
| #define HAVE_MADVISE 1
| /* end confdefs.h.  */
| /* Define ntohll to an innocuous variant, in case <limits.h> declares ntohll.
|    For example, HP-UX 11i <limits.h> declares gettimeofday.  */
| #define ntohll innocuous_ntohll
| 
| /* System header to define __stub macros and hopefully few prototypes,
|     which can conflict with char ntohll (); below.
|     Prefer <limits.h> to <assert.h> if __STDC__ is defined, since
|     <limits.h> exists even on freestanding compilers.  */
| 
| #ifdef __STDC__
| # include <limits.h>
| #else
| # include <assert.h>
| #endif
| 
| #undef ntohll
| 
| /* Override any GCC internal prototype to avoid an error.
|    Use char because int might match the return type of a GCC
|    builtin and then its argument prototype would still apply.  */
| #ifdef __cplusplus
| extern "C"
| #endif
| char ntohll ();
| /* The GNU C library defines this for functions which it implements
|     to always fail with ENOSYS.  Some functions are actually named
|     something starting with __ and the normal name is an alias.  */
| #if defined __stub_ntohll || defined __stub___ntohll
| choke me
| #endif
| 
| int
| main ()
| {
| return ntohll ();
|   ;
|   return 0;
| }
configure:3836: result: no
configure:3836: checking for mkostemp
configure:3836: gcc -o conftest -g -O2   conftest.c  >&5
configure:3836: $? = 0
configure:3836: result: yes
configure:3836: checking for mount
configure:3836: gcc -o conftest -g -O2   conftest.c  >&5
configure:3836: $? = 0
configure:3836: result: yes
configure:3836: checking for umount
configure:3836: gcc -o conftest -g -O2   conftest.c  >&5
configure:3836: $? = 0
configure:3836: result: yes
configure:3836: checking for umount2
configure:3836: gcc -o conftest -g -O2   conftest.c  >&5
configure:3836: $? = 0
configure:3836: result: yes
configure:3836: checking for getentropy
configure:3836: gcc -o conftest -g -O2   conftest.c  >&5
configure:3836: $? = 0
configure:3836: result: yes
configure:3836: checking for prctl
configure:3836: gcc -o conftest -g -O2   conftest.c  >&5
configure:3836: $? = 0
configure:3836: result: yes
configure:3846: checking for get_current_dir_name in -lc
configure:3871: gcc -o conftest -g -O2   conftest.c -lc   >&5
configure:3871: $? = 0
configure:3880: result: yes
configure:3890: checking for getloadavg
configure:3890: gcc -o conftest -g -O2   conftest.c  >&5
configure:3890: $? = 0
configure:3890: result: yes
configure:3890: checking for sysinfo
configure:3890: gcc -o conftest -g -O2   conftest.c  >&5
configure:3890: $? = 0
configure:3890: result: yes
configure:3890: checking for sysconf
configure:3890: gcc -o conftest -g -O2   conftest.c  >&5
configure:3890: $? = 0
configure:3890: result: yes
configure:3890: checking for getpagesize
configure:3890: gcc -o conftest -g -O2   conftest.c  >&5
configure:3890: $? = 0
configure:3890: result: yes
configure:3890: checking for ptsname_r
configure:3890: result: yes
configure:3890: checking for clearenv
configure:3890: result: yes
configure:3890: checking for setresuid
configure:3890: result: yes
configure:3890: checking for initgroups
configure:3890: result: yes
configure:3890: checking for poll
configure:3890: result: yes
configure:3890: checking for mlock
configure:3890: result: yes
configure:3890: checking for mlockall
configure:3890: result: yes
configure:3890: checking for munlockall
configure:3890: result: yes
configure:3890: checking for madvise
configure:3890: result: yes
configure:3890: checking for htonll
configure:3890: result: no
configure:3890: checking for ntohll
configure:3890: result: no
configure:3890: checking for mkostemp
configure:3890: result: yes
configure:3890: checking for mount
configure:3890: result: yes
configure:3890: checking for umount
configure:3890: result: yes
configure:3890: checking for umount2
configure:3890: result: yes
configure:3890: checking for getentropy
configure:3890: result: yes
configure:3890: checking for prctl
configure:3890: result: yes
configure:3930: checking how to run the C preprocessor
configure:3961: gcc -E  conftest.c
configure:3961: $? = 0
configure:3975: gcc -E  conftest.c
conftest.c:46:10: fatal error: ac_nonexistent.h: No such file or directory
 #include <ac_nonexistent.h>
          ^~~~~~~~~~~~~~~~~~
compilation terminated.
configure:3975: $? = 1
configure: failed program was:
| /* confdefs.h */
| #define PACKAGE_NAME "libUseful"
| #define PACKAGE_TARNAME "libuseful"
| #define PACKAGE_VERSION "5.57"
| #define PACKAGE_STRING "libUseful 5.57"
| #define PACKAGE_BUGREPORT "colums.projects@gmail.com"
| #define PACKAGE_URL ""
| #define _FILE_OFFSET_BITS 64
| #define HAVE_PTSNAME_R 1
| #define HAVE_CLEARENV 1
| #define HAVE_SETRESUID 1
| #define HAVE_INITGROUPS 1
| #define HAVE_POLL 1
| #define HAVE_MLOCK 1
| #define HAVE_MLOCKALL 1
| #define HAVE_MUNLOCKALL 1
| #define HAVE_MADVISE 1
| #define HAVE_MKOSTEMP 1
| #define HAVE_MOUNT 1
| #define HAVE_UMOUNT 1
| #define HAVE_UMOUNT2 1
| #define HAVE_GETENTROPY 1
| #define HAVE_PRCTL 1
| #define HAVE_GET_CURR_DIR 1
| #define HAVE_GETLOADAVG 1
| #define HAVE_SYSINFO 1
| #define HAVE_SYSCONF 1
| #define HAVE_GETPAGESIZE 1
| #define HAVE_PTSNAME_R 1
| #define HAVE_CLEARENV 1
| #define HAVE_SETRESUID 1
| #define HAVE_INITGROUPS 1
| #define HAVE_POLL 1
| #define HAVE_MLOCK 1
| #define HAVE_MLOCKALL 1
| #define HAVE_MUNLOCKALL 1
| #define HAVE_MADVISE 1
| #define HAVE_MKOSTEMP 1
| #define HAVE_MOUNT 1
| #define HAVE_UMOUNT 1
| #define HAVE_UMOUNT2 1
| #define HAVE_GETENTROPY 1
| #define HAVE_PRCTL 1
| #define USE_STRLEN_CACHE 1
| /* end confdefs.h.  */
| #include <ac_nonexistent.h>
configure:4000: result: gcc -E
configure:4020: gcc -E  conftest.c
configure:4020: $? = 0
configure:4034: gcc -E  conftest.c
conftest.c:46:10: fatal error: ac_nonexistent.h: No such file or directory
 #include <ac_nonexistent.h>
          ^~~~~~~~~~~~~~~~~~
compilation terminated.
configure:4034: $? = 1
configure: failed program was:
| /* confdefs.h */
| #define PACKAGE_NAME "libUseful"
| #define PACKAGE_TARNAME "libuseful"
| #define PACKAGE_VERSION "5.57"
| #define PACKAGE_STRING "libUseful 5.57"
| #define PACKAGE_BUGREPORT "colums.projects@gmail.com"
| #define PACKAGE_URL ""
| #define _FILE_OFFSET_BITS 64
| #define HAVE_PTSNAME_R 1
| #define HAVE_CLEARENV 1
| #define HAVE_SETRESUID 1
| #define HAVE_INITGROUPS 1
| #define HAVE_POLL 1
| #define HAVE_MLOCK 1
| #define HAVE_MLOCKALL 1
| #define HAVE_MUNLOCKALL 1
| #define HAVE_MADVISE 1
| #define HAVE_MKOSTEMP 1
| #define HAVE_MOUNT 1
| #define HAVE_UMOUNT 1
| #define HAVE_UMOUNT2 1
| #define HAVE_GETENTROPY 1
| #define HAVE_PRCTL 1
| #define HAVE_GET_CURR_DIR 1
| #define HAVE_GETLOADAVG 1
| #define HAVE_SYSINFO 1
| #define HAVE_SYSCONF 1
| #define HAVE_GETPAGESIZE 1
| #define HAVE_PTSNAME_R 1
| #define HAVE_CLEARENV 1
| #define HAVE_SETRESUID 1
| #define HAVE_INITGROUPS 1
| #define HAVE_POLL 1
| #define HAVE_MLOCK 1
| #define HAVE_MLOCKALL 1
| #define HAVE_MUNLOCKALL 1
| #define HAVE_MADVISE 1
| #define HAVE_MKOSTEMP 1
| #define HAVE_MOUNT 1
| #define HAVE_UMOUNT 1
| #define HAVE_UMOUNT2 1
| #define HAVE_GETENTROPY 1
| #define HAVE_PRCTL 1
| #define USE_STRLEN_CACHE 1
| /* end confdefs.h.  */
| #include <ac_nonexistent.h>
configure:4063: checking for ANSI C header files
configure:4083: gcc -c -g -O2  conftest.c >&5
configure:4083: $? = 0
configure:4156: gcc -o conftest -g -O2   conftest.c  >&5
configure:4156: $? = 0
configure:4156: ./conftest
configure:4156: $? = 0
configure:4167: result: yes
configure:4180: checking for sys/types.h
configure:4180: gcc -c -g -O2  conftest.c >&5
configure:4180: $? = 0
configure:4180: result: yes
configure:4180: checking for sys/stat.h
configure:4180: gcc -c -g -O2  conftest.c >&5
configure:4180: $? = 0
configure:4180: result: yes
configure:4180: checking for stdlib.h
configure:4180: gcc -c -g -O2  conftest.c >&5
configure:4180: $? = 0
configure:4180: result: yes
configure:4180: checking for string.h
configure:4180: gcc -c -g -O2  conftest.c >&5
configure:4180: $? = 0
configure:4180: result: yes
configure:4180: checking for memory.h
configure:4180: gcc -c -g -O2  conftest.c >&5
configure:4180: $? = 0
configure:4180: result: yes
configure:4180: checking for strings.h
configure:4180: gcc -c -g -O2  conftest.c >&5
configure:4180: $? = 0
configure:4180: result: yes
configure:4180: checking for inttypes.h
configure:4180: gcc -c -g -O2  conftest.c >&5
configure:4180: $? = 0
configure:4180: result: yes
configure:4180: checking for stdint.h
configure:4180: gcc -c -g -O2  conftest.c >&5
configure:4180: $? = 0
configure:4180: result: yes
configure:4180: checking for unistd.h
configure:4180: gcc -c -g -O2  conftest.c >&5
configure:4180: $? = 0
configure:4180: result: yes
configure:4194: checking sys/sendfile.h usability
configure:4194: gcc -c -g -O2  conftest.c >&5
configure:4194: $? = 0
configure:4194: result: yes
configure:4194: checking sys/sendfile.h presence
configure:4194: gcc -E  conftest.c
configure:4194: $? = 0
configure:4194: result: yes
configure:4194: checking for sys/sendfile.h
configure:4194: result: yes
configure:4204: checking for sendfile
configure:4204: gcc -o conftest -g -O2   conftest.c  >&5
configure:4204: $? = 0
configure:4204: result: yes
configure:4219: checking sys/random.h usability
configure:4219: gcc -c -g -O2  conftest.c >&5
configure:4219: $? = 0
configure:4219: result: yes
configure:4219: checking sys/random.h presence
configure:4219: gcc -E  conftest.c
configure:4219: $? = 0
configure:4219: result: yes
configure:4219: checking for sys/random.h
configure:4219: result: yes
configure:4262: checking for getxattr in -lc
configure:4287: gcc -o conftest -g -O2   conftest.c -lc   >&5
configure:4287: $? = 0
configure:4296: result: yes
configure:4472: checking for unshare in -lc
configure:4497: gcc -o conftest -g -O2   conftest.c -lc  -lc  >&5
configure:4497: $? = 0
configure:4506: result: yes
configure:4524: checking for setns in -lc
configure:4549: gcc -o conftest -g -O2   conftest.c -lc  -lc -lc  >&5
configure:4549: $? = 0
configure:4558: result: yes
configure:5293: creating ./config.status

## ---------------------- ##
## Running config.status. ##
## ---------------------- ##

This file was extended by libUseful config.status 5.57, which was
generated by GNU Autoconf 2.69.  Invocation command line was

  CONFIG_FILES    = 
  CONFIG_HEADERS  = 
  CONFIG_LINKS    = 
  CONFIG_COMMANDS = 
  $ ./config.status 

on beast

config.status:735: creating Makefile

## ---------------- ##
## Cache variables. ##
## ---------------- ##

ac_cv_c_compiler_gnu=yes
ac_cv_c_inline=inline
ac_cv_c_volatile=yes
ac_cv_env_CC_set=
ac_cv_env_CC_value=
ac_cv_env_CFLAGS_set=
ac_cv_env_CFLAGS_value=
ac_cv_env_CPPFLAGS_set=
ac_cv_env_CPPFLAGS_value=
ac_cv_env_CPP_set=
ac_cv_env_CPP_value=
ac_cv_env_LDFLAGS_set=
ac_cv_env_LDFLAGS_value=
ac_cv_env_LIBS_set=
ac_cv_env_LIBS_value=
ac_cv_env_build_alias_set=
ac_cv_env_build_alias_value=
ac_cv_env_host_alias_set=
ac_cv_env_host_alias_value=
ac_cv_env_target_alias_set=
ac_cv_env_target_alias_value=
ac_cv_func_clearenv=yes
ac_cv_func_getentropy=yes
ac_cv_func_getloadavg=yes
ac_cv_func_getpagesize=yes
ac_cv_func_htonll=no
ac_cv_func_initgroups=yes
ac_cv_func_madvise=yes
ac_cv_func_mkostemp=yes
ac_cv_func_mlock=yes
ac_cv_func_mlockall=yes
ac_cv_func_mount=yes
ac_cv_func_munlockall=yes
ac_cv_func_ntohll=no
ac_cv_func_poll=yes
ac_cv_func_prctl=yes
ac_cv_func_ptsname_r=yes
ac_cv_func_sendfile=yes
ac_cv_func_setresuid=yes
ac_cv_func_sysconf=yes
ac_cv_func_sysinfo=yes
ac_cv_func_umount2=yes
ac_cv_func_umount=yes
ac_cv_header_inttypes_h=yes
ac_cv_header_memory_h=yes
ac_cv_header_stdc=yes
ac_cv_header_stdint_h=yes
ac_cv_header_stdlib_h=yes
ac_cv_header_string_h=yes
ac_cv_header_strings_h=yes
ac_cv_header_sys_random_h=yes
ac_cv_header_sys_sendfile_h=yes
ac_cv_header_sys_stat_h=yes
ac_cv_header_sys_types_h=yes
ac_cv_header_unistd_h=yes
ac_cv_lib_c_get_current_dir_name=yes
ac_cv_lib_c_getxattr=yes
ac_cv_lib_c_setns=yes
ac_cv_lib_c_unshare=yes
ac_cv_objext=o
ac_cv_path_EGREP='/bin/grep -E'
ac_cv_path_GREP=/bin/grep
ac_cv_prog_CPP='gcc -E'
ac_cv_prog_ac_ct_CC=gcc
ac_cv_prog_cc_c89=
ac_cv_prog_cc_g=yes
ac_cv_prog_make_make_set=yes
ac_cv_sys_file_offset_bits=64
ac_cv_sys_largefile_CC=no

## ----------------- ##
## Output variables. ##
## ----------------- ##

AR='ar'
CC='gcc'
CFLAGS='-g -O2'
CPP='gcc -E'
CPPFLAGS=''
DEFS='-DPACKAGE_NAME=\"libUseful\" -DPACKAGE_TARNAME=\"libuseful\" -DPACKAGE_VERSION=\"5.57\" -DPACKAGE_STRING=\"libUseful\ 5.57\" -DPACKAGE_BUGREPORT=\"colums.projects@gmail.com\" -DPACKAGE_URL=\"\" -D_FILE_OFFSET_BITS=64 -DHAVE_PTSNAME_R=1 -DHAVE_CLEARENV=1 -DHAVE_SETRESUID=1 -DHAVE_INITGROUPS=1 -DHAVE_POLL=1 -DHAVE_MLOCK=1 -DHAVE_MLOCKALL=1 -DHAVE_MUNLOCKALL=1 -DHAVE_MADVISE=1 -DHAVE_MKOSTEMP=1 -DHAVE_MOUNT=1 -DHAVE_UMOUNT=1 -DHAVE_UMOUNT2=1 -DHAVE_GETENTROPY=1 -DHAVE_PRCTL=1 -DHAVE_GET_CURR_DIR=1 -DHAVE_GETLOADAVG=1 -DHAVE_SYSINFO=1 -DHAVE_SYSCONF=1 -DHAVE_GETPAGESIZE=1 -DHAVE_PTSNAME_R=1 -DHAVE_CLEARENV=1 -DHAVE_SETRESUID=1 -DHAVE_INITGROUPS=1 -DHAVE_POLL=1 -DHAVE_MLOCK=1 -DHAVE_MLOCKALL=1 -DHAVE_MUNLOCKALL=1 -DHAVE_MADVISE=1 -DHAVE_MKOSTEMP=1 -DHAVE_MOUNT=1 -DHAVE_UMOUNT=1 -DHAVE_UMOUNT2=1 -DHAVE_GETENTROPY=1 -DHAVE_PRCTL=1 -DUSE_STRLEN_CACHE=1 -DSTDC_HEADERS=1 -DHAVE_SYS_TYPES_H=1 -DHAVE_SYS_STAT_H=1 -DHAVE_STDLIB_H=1 -DHAVE_STRING_H=1 -DHAVE_MEMORY_H=1 -DHAVE_STRINGS_H=1 -DHAVE_INTTYPES_H=1 -DHAVE_STDINT_H=1 -DHAVE_UNISTD_H=1 -DHAVE_SENDFILE=1 -DHAVE_SYS_RANDOM=1 -DUSE_INET6=1 -DHAVE_LIBC=1 -DHAVE_XATTR=1 -DUSE_CRC32=1 -DUSE_MD5=1 -DUSE_SHA1=1 -DUSE_SHA2=1 -DUSE_WHIRL=1 -DUSE_JH=1 -DHAVE_LIBC=1 -DHAVE_UNSHARE=1 -DHAVE_LIBC=1 -DHAVE_SETNS=1'
ECHO_C=''
ECHO_N='-n'
ECHO_T=''
EGREP='/bin/grep -E'
EXEEXT=''
GREP='/bin/grep'
LDFLAGS=''
LIBOBJS=''
LIBS='-lc -lc -lc '
LICENSE='GPLv3'
LN='ln'
LTLIBOBJS=''
OBJEXT='o'
PACKAGE_BUGREPORT='colums.projects@gmail.com'
PACKAGE_NAME='libUseful'
PACKAGE_STRING='libUseful 5.57'
PACKAGE_TARNAME='libuseful'
PACKAGE_URL=''
PACKAGE_VERSION='5.57'
PATH_SEPARATOR=':'
SET_MAKE=''
SHELL='/bin/sh'
SIMD_CFLAGS=''
SONAME_FLAGS='-Wl,${LINKER_SONAME_OPTION},${SONAME}'
ac_ct_CC='gcc'
bindir='${exec_prefix}/bin'
build_alias=''
datadir='${datarootdir}'
datarootdir='${prefix}/share'
docdir='${datarootdir}/doc/${PACKAGE_TARNAME}'
dvidir='${docdir}'
exec_prefix='${prefix}'
host_alias=''
htmldir='${docdir}'
includedir='${prefix}/include'
infodir='${datarootdir}/info'
libdir='${exec_prefix}/lib'
libexecdir='${exec_prefix}/libexec'
localedir='${datarootdir}/locale'
localstatedir='${prefix}/var'
mandir='${datarootdir}/man'
oldincludedir='/usr/include'
pdfdir='${docdir}'
prefix='/usr/local'
program_transform_name='s,x,x,'
psdir='${docdir}'
sbindir='${exec_prefix}/sbin'
sharedstatedir='${prefix}/com'
sysconfdir='${prefix}/etc'
target_alias=''

## ----------- ##
## confdefs.h. ##
## ----------- ##

/* confdefs.h */
#define PACKAGE_NAME "libUseful"
#define PACKAGE_TARNAME "libuseful"
#define PACKAGE_VERSION "5.57"
#define PACKAGE_STRING "libUseful 5.57"
#define PACKAGE_BUGREPORT "colums.projects@gmail.com"
#define PACKAGE_URL ""
#define _FILE_OFFSET_BITS 64
#define HAVE_PTSNAME_R 1
#define HAVE_CLEARENV 1
#define HAVE_SETRESUID 1
#define HAVE_INITGROUPS 1
#define HAVE_POLL 1
#define HAVE_MLOCK 1
#define HAVE_MLOCKALL 1
#define HAVE_MUNLOCKALL 1
#define HAVE_MADVISE 1
#define HAVE_MKOSTEMP 1
#define HAVE_MOUNT 1
#define HAVE_UMOUNT 1
#define HAVE_UMOUNT2 1
#define HAVE_GETENTROPY 1
#define HAVE_PRCTL 1
#define HAVE_GET_CURR_DIR 1
#define HAVE_GETLOADAVG 1
#define HAVE_SYSINFO 1
#define HAVE_SYSCONF 1
#define HAVE_GETPAGESIZE 1
#define HAVE_PTSNAME_R 1
#define HAVE_CLEARENV 1
#define HAVE_SETRESUID 1
#define HAVE_INITGROUPS 1
#define HAVE_POLL 1
#define HAVE_MLOCK 1
#define HAVE_MLOCKALL 1
#define HAVE_MUNLOCKALL 1
#define HAVE_MADVISE 1
#define HAVE_MKOSTEMP 1
#define HAVE_MOUNT 1
#define HAVE_UMOUNT 1
#define HAVE_UMOUNT2 1
#define HAVE_GETENTROPY 1
#define HAVE_PRCTL 1
#define USE_STRLEN_CACHE 1
#define STDC_HEADERS 1
#define HAVE_SYS_TYPES_H 1
#define HAVE_SYS_STAT_H 1
#define HAVE_STDLIB_H 1
#define HAVE_STRING_H 1
#define HAVE_MEMORY_H 1
#define HAVE_STRINGS_H 1
#define HAVE_INTTYPES_H 1
#define HAVE_STDINT_H 1
#define HAVE_UNISTD_H 1
#define HAVE_SENDFILE 1
#define HAVE_SYS_RANDOM 1
#define USE_INET6 1
#define HAVE_LIBC 1
#define HAVE_XATTR 1
#define USE_CRC32 1
#define USE_MD5 1
#define USE_SHA1 1
#define USE_SHA2 1
#define USE_WHIRL 1
#define USE_JH 1
#define HAVE_LIBC 1
#define HAVE_UNSHARE 1
#define HAVE_LIBC 1
#define HAVE_SETNS 1

configure: exit 0
